This file contains any messages produced by compilers while
running configure, to aid debugging if configure makes a mistake.

It was created by libseccomp configure 2.4.1, which was
generated by GNU Autoconf 2.69.  Invocation command line was

  $ ./configure 

## --------- ##
## Platform. ##
## --------- ##

hostname = sanket-Inspiron-5559
uname -m = x86_64
uname -r = 5.3.0-40-generic
uname -s = Linux
uname -v = #32-Ubuntu SMP Fri Jan 31 20:24:34 UTC 2020

/usr/bin/uname -p = x86_64
/bin/uname -X     = unknown

/bin/arch              = x86_64
/usr/bin/arch -k       = unknown
/usr/convex/getsysinfo = unknown
/usr/bin/hostinfo      = unknown
/bin/machine           = unknown
/usr/bin/oslevel       = unknown
/bin/universe          = unknown

PATH: /home/sanket/project/myenv/bin
PATH: /home/sanket/.local/bin
PATH: /usr/local/sbin
PATH: /usr/local/bin
PATH: /usr/sbin
PATH: /usr/bin
PATH: /sbin
PATH: /bin
PATH: /usr/games
PATH: /usr/local/games
PATH: /snap/bin


## ----------- ##
## Core tests. ##
## ----------- ##

configure:2208: checking for a BSD-compatible install
configure:2276: result: /usr/bin/install -c
configure:2287: checking whether build environment is sane
configure:2342: result: yes
configure:2491: checking for a thread-safe mkdir -p
configure:2530: result: /usr/bin/mkdir -p
configure:2537: checking for gawk
configure:2567: result: no
configure:2537: checking for mawk
configure:2553: found /usr/bin/mawk
configure:2564: result: mawk
configure:2575: checking whether make sets $(MAKE)
configure:2597: result: yes
configure:2626: checking whether make supports nested variables
configure:2643: result: yes
configure:2722: checking how to create a pax tar archive
configure:2733: tar --version
tar (GNU tar) 1.30
Copyright (C) 2017 Free Software Foundation, Inc.
License GPLv3+: GNU GPL version 3 or later <https://gnu.org/licenses/gpl.html>.
This is free software: you are free to change and redistribute it.
There is NO WARRANTY, to the extent permitted by law.

Written by John Gilmore and Jay Fenlason.
configure:2736: $? = 0
configure:2776: tardir=conftest.dir && eval tar --format=posix -chf - "$tardir" >conftest.tar
configure:2779: $? = 0
configure:2783: tar -xf - <conftest.tar
configure:2786: $? = 0
configure:2788: cat conftest.dir/file
GrepMe
configure:2791: $? = 0
configure:2804: result: gnutar
configure:2903: checking for gcc
configure:2919: found /usr/bin/gcc
configure:2930: result: gcc
configure:3159: checking for C compiler version
configure:3168: gcc --version >&5
gcc (Ubuntu 9.2.1-9ubuntu2) 9.2.1 20191008
Copyright (C) 2019 Free Software Foundation, Inc.
This is free software; see the source for copying conditions.  There is NO
warranty; not even for MERCHANTABILITY or FITNESS FOR A PARTICULAR PURPOSE.

configure:3179: $? = 0
configure:3168: gcc -v >&5
Using built-in specs.
COLLECT_GCC=gcc
COLLECT_LTO_WRAPPER=/usr/lib/gcc/x86_64-linux-gnu/9/lto-wrapper
OFFLOAD_TARGET_NAMES=nvptx-none:hsa
OFFLOAD_TARGET_DEFAULT=1
Target: x86_64-linux-gnu
Configured with: ../src/configure -v --with-pkgversion='Ubuntu 9.2.1-9ubuntu2' --with-bugurl=file:///usr/share/doc/gcc-9/README.Bugs --enable-languages=c,ada,c++,go,brig,d,fortran,objc,obj-c++,gm2 --prefix=/usr --with-gcc-major-version-only --program-suffix=-9 --program-prefix=x86_64-linux-gnu- --enable-shared --enable-linker-build-id --libexecdir=/usr/lib --without-included-gettext --enable-threads=posix --libdir=/usr/lib --enable-nls --enable-bootstrap --enable-clocale=gnu --enable-libstdcxx-debug --enable-libstdcxx-time=yes --with-default-libstdcxx-abi=new --enable-gnu-unique-object --disable-vtable-verify --enable-plugin --enable-default-pie --with-system-zlib --with-target-system-zlib=auto --enable-multiarch --disable-werror --with-arch-32=i686 --with-abi=m64 --with-multilib-list=m32,m64,mx32 --enable-multilib --with-tune=generic --enable-offload-targets=nvptx-none,hsa --without-cuda-driver --enable-checking=release --build=x86_64-linux-gnu --host=x86_64-linux-gnu --target=x86_64-linux-gnu
Thread model: posix
gcc version 9.2.1 20191008 (Ubuntu 9.2.1-9ubuntu2) 
configure:3179: $? = 0
configure:3168: gcc -V >&5
gcc: error: unrecognized command line option '-V'
gcc: fatal error: no input files
compilation terminated.
configure:3179: $? = 1
configure:3168: gcc -qversion >&5
gcc: error: unrecognized command line option '-qversion'; did you mean '--version'?
gcc: fatal error: no input files
compilation terminated.
configure:3179: $? = 1
configure:3199: checking whether the C compiler works
configure:3221: gcc    conftest.c  >&5
configure:3225: $? = 0
configure:3273: result: yes
configure:3276: checking for C compiler default output file name
configure:3278: result: a.out
configure:3284: checking for suffix of executables
configure:3291: gcc -o conftest    conftest.c  >&5
configure:3295: $? = 0
configure:3317: result: 
configure:3339: checking whether we are cross compiling
configure:3347: gcc -o conftest    conftest.c  >&5
configure:3351: $? = 0
configure:3358: ./conftest
configure:3362: $? = 0
configure:3350: result: no
configure:3355: checking for suffix of object files
configure:3377: gcc -c   conftest.c >&5
configure:3381: $? = 0
configure:3402: result: o
configure:3406: checking whether we are using the GNU C compiler
configure:3425: gcc -c   conftest.c >&5
configure:3425: $? = 0
configure:3434: result: yes
configure:3443: checking whether gcc accepts -g
configure:3463: gcc -c -g  conftest.c >&5
configure:3463: $? = 0
configure:3504: result: yes
configure:3521: checking for gcc option to accept ISO C89
configure:3584: gcc  -c -g -O2  conftest.c >&5
configure:3584: $? = 0
configure:3597: result: none needed
configure:3622: checking whether gcc understands -c and -o together
configure:3644: gcc -c conftest.c -o conftest2.o
configure:3647: $? = 0
configure:3644: gcc -c conftest.c -o conftest2.o
configure:3647: $? = 0
configure:3659: result: yes
configure:3679: checking whether make supports the include directive
configure:3694: make -f confmf.GNU && cat confinc.out
this is the am__doit target
configure:3697: $? = 0
configure:3716: result: yes (GNU style)
configure:3741: checking dependency style of gcc
configure:3852: result: gcc3
configure:3918: checking for ar
configure:3934: found /usr/bin/ar
configure:3945: result: ar
configure:3971: checking the archiver (ar) interface
configure:3987: gcc -c -g -O2  conftest.c >&5
configure:3987: $? = 0
configure:3989: ar cru libconftest.a conftest.o >&5
ar: `u' modifier ignored since `D' is the default (see `U')
configure:3992: $? = 0
configure:3991: result: ar
configure:4041: checking build system type
configure:4055: result: x86_64-pc-linux-gnu
configure:4075: checking host system type
configure:4088: result: x86_64-pc-linux-gnu
configure:4129: checking how to print strings
configure:4156: result: printf
configure:4177: checking for a sed that does not truncate output
configure:4241: result: /usr/bin/sed
configure:4259: checking for grep that handles long lines and -e
configure:4317: result: /usr/bin/grep
configure:4322: checking for egrep
configure:4384: result: /usr/bin/grep -E
configure:4389: checking for fgrep
configure:4451: result: /usr/bin/grep -F
configure:4486: checking for ld used by gcc
configure:4553: result: /usr/bin/ld
configure:4560: checking if the linker (/usr/bin/ld) is GNU ld
configure:4575: result: yes
configure:4587: checking for BSD- or MS-compatible name lister (nm)
configure:4641: result: /usr/bin/nm -B
configure:4771: checking the name lister (/usr/bin/nm -B) interface
configure:4778: gcc -c -g -O2  conftest.c >&5
configure:4781: /usr/bin/nm -B "conftest.o"
configure:4784: output
0000000000000000 B some_variable
configure:4785: result: BSD nm
configure:4788: checking whether ln -s works
configure:4792: result: yes
configure:4800: checking the maximum length of command line arguments
configure:4931: result: 1572864
configure:4979: checking how to convert x86_64-pc-linux-gnu file names to x86_64-pc-linux-gnu format
configure:5019: result: func_convert_file_noop
configure:5026: checking how to convert x86_64-pc-linux-gnu file names to toolchain format
configure:5046: result: func_convert_file_noop
configure:5053: checking for /usr/bin/ld option to reload object files
configure:5060: result: -r
configure:5134: checking for objdump
configure:5150: found /usr/bin/objdump
configure:5161: result: objdump
configure:5193: checking how to recognize dependent libraries
configure:5393: result: pass_all
configure:5478: checking for dlltool
configure:5508: result: no
configure:5538: checking how to associate runtime and link libraries
configure:5565: result: printf %s\n
configure:5705: checking for archiver @FILE support
configure:5722: gcc -c -g -O2  conftest.c >&5
configure:5722: $? = 0
configure:5725: ar cr libconftest.a @conftest.lst >&5
configure:5728: $? = 0
configure:5733: ar cr libconftest.a @conftest.lst >&5
ar: conftest.o: No such file or directory
configure:5736: $? = 1
configure:5735: result: @
configure:5793: checking for strip
configure:5809: found /usr/bin/strip
configure:5820: result: strip
configure:5892: checking for ranlib
configure:5908: found /usr/bin/ranlib
configure:5919: result: ranlib
configure:6021: checking command to parse /usr/bin/nm -B output from gcc object
configure:6174: gcc -c -g -O2  conftest.c >&5
configure:6177: $? = 0
configure:6181: /usr/bin/nm -B conftest.o \| sed -n -e 's/^.*[ ]\([ABCDGIRSTW][ABCDGIRSTW]*\)[ ][ ]*\([_A-Za-z][_A-Za-z0-9]*\)$/\1 \2 \2/p' | sed '/ __gnu_lto/d' \> conftest.nm
configure:6184: $? = 0
configure:6250: gcc -o conftest -g -O2   conftest.c conftstm.o >&5
configure:6253: $? = 0
configure:6291: result: ok
configure:6338: checking for sysroot
configure:6368: result: no
configure:6375: checking for a working dd
configure:6413: result: /usr/bin/dd
configure:6417: checking how to truncate binary pipes
configure:6432: result: /usr/bin/dd bs=4096 count=1
configure:6568: gcc -c -g -O2  conftest.c >&5
configure:6571: $? = 0
configure:6761: checking for mt
configure:6777: found /usr/bin/mt
configure:6788: result: mt
configure:6811: checking if mt is a manifest tool
configure:6817: mt '-?'
configure:6825: result: no
configure:7502: checking how to run the C preprocessor
configure:7533: gcc -E  conftest.c
configure:7533: $? = 0
configure:7547: gcc -E  conftest.c
conftest.c:11:10: fatal error: ac_nonexistent.h: No such file or directory
   11 | #include <ac_nonexistent.h>
      |          ^~~~~~~~~~~~~~~~~~
compilation terminated.
configure:7547: $? = 1
configure: failed program was:
| /* confdefs.h */
| #define PACKAGE_NAME "libseccomp"
| #define PACKAGE_TARNAME "libseccomp"
| #define PACKAGE_VERSION "2.4.1"
| #define PACKAGE_STRING "libseccomp 2.4.1"
| #define PACKAGE_BUGREPORT ""
| #define PACKAGE_URL ""
| #define PACKAGE "libseccomp"
| #define VERSION "2.4.1"
| /* end confdefs.h.  */
| #include <ac_nonexistent.h>
configure:7572: result: gcc -E
configure:7592: gcc -E  conftest.c
configure:7592: $? = 0
configure:7606: gcc -E  conftest.c
conftest.c:11:10: fatal error: ac_nonexistent.h: No such file or directory
   11 | #include <ac_nonexistent.h>
      |          ^~~~~~~~~~~~~~~~~~
compilation terminated.
configure:7606: $? = 1
configure: failed program was:
| /* confdefs.h */
| #define PACKAGE_NAME "libseccomp"
| #define PACKAGE_TARNAME "libseccomp"
| #define PACKAGE_VERSION "2.4.1"
| #define PACKAGE_STRING "libseccomp 2.4.1"
| #define PACKAGE_BUGREPORT ""
| #define PACKAGE_URL ""
| #define PACKAGE "libseccomp"
| #define VERSION "2.4.1"
| /* end confdefs.h.  */
| #include <ac_nonexistent.h>
configure:7635: checking for ANSI C header files
configure:7655: gcc -c -g -O2  conftest.c >&5
configure:7655: $? = 0
configure:7728: gcc -o conftest -g -O2   conftest.c  >&5
configure:7728: $? = 0
configure:7728: ./conftest
configure:7728: $? = 0
configure:7739: result: yes
configure:7752: checking for sys/types.h
configure:7752: gcc -c -g -O2  conftest.c >&5
configure:7752: $? = 0
configure:7752: result: yes
configure:7752: checking for sys/stat.h
configure:7752: gcc -c -g -O2  conftest.c >&5
configure:7752: $? = 0
configure:7752: result: yes
configure:7752: checking for stdlib.h
configure:7752: gcc -c -g -O2  conftest.c >&5
configure:7752: $? = 0
configure:7752: result: yes
configure:7752: checking for string.h
configure:7752: gcc -c -g -O2  conftest.c >&5
configure:7752: $? = 0
configure:7752: result: yes
configure:7752: checking for memory.h
configure:7752: gcc -c -g -O2  conftest.c >&5
configure:7752: $? = 0
configure:7752: result: yes
configure:7752: checking for strings.h
configure:7752: gcc -c -g -O2  conftest.c >&5
configure:7752: $? = 0
configure:7752: result: yes
configure:7752: checking for inttypes.h
configure:7752: gcc -c -g -O2  conftest.c >&5
configure:7752: $? = 0
configure:7752: result: yes
configure:7752: checking for stdint.h
configure:7752: gcc -c -g -O2  conftest.c >&5
configure:7752: $? = 0
configure:7752: result: yes
configure:7752: checking for unistd.h
configure:7752: gcc -c -g -O2  conftest.c >&5
configure:7752: $? = 0
configure:7752: result: yes
configure:7766: checking for dlfcn.h
configure:7766: gcc -c -g -O2  conftest.c >&5
configure:7766: $? = 0
configure:7766: result: yes
configure:8020: checking for objdir
configure:8035: result: .libs
configure:8299: checking if gcc supports -fno-rtti -fno-exceptions
configure:8317: gcc -c -g -O2  -fno-rtti -fno-exceptions conftest.c >&5
cc1: warning: command line option '-fno-rtti' is valid for C++/D/ObjC++ but not for C
configure:8321: $? = 0
configure:8334: result: no
configure:8692: checking for gcc option to produce PIC
configure:8699: result: -fPIC -DPIC
configure:8707: checking if gcc PIC flag -fPIC -DPIC works
configure:8725: gcc -c -g -O2  -fPIC -DPIC -DPIC conftest.c >&5
configure:8729: $? = 0
configure:8742: result: yes
configure:8771: checking if gcc static flag -static works
configure:8799: result: yes
configure:8814: checking if gcc supports -c -o file.o
configure:8835: gcc -c -g -O2  -o out/conftest2.o conftest.c >&5
configure:8839: $? = 0
configure:8861: result: yes
configure:8869: checking if gcc supports -c -o file.o
configure:8916: result: yes
configure:8949: checking whether the gcc linker (/usr/bin/ld -m elf_x86_64) supports shared libraries
configure:10210: result: yes
configure:10247: checking whether -lc should be explicitly linked in
configure:10255: gcc -c -g -O2  conftest.c >&5
configure:10258: $? = 0
configure:10273: gcc -shared  -fPIC -DPIC conftest.o  -v -Wl,-soname -Wl,conftest -o conftest 2\>\&1 \| /usr/bin/grep  -lc  \>/dev/null 2\>\&1
configure:10276: $? = 0
configure:10290: result: no
configure:10450: checking dynamic linker characteristics
configure:11031: gcc -o conftest -g -O2   -Wl,-rpath -Wl,/foo conftest.c  >&5
configure:11031: $? = 0
configure:11268: result: GNU/Linux ld.so
configure:11390: checking how to hardcode library paths into programs
configure:11415: result: immediate
configure:11963: checking whether stripping libraries is possible
configure:11972: result: yes
configure:12014: checking if libtool supports shared libraries
configure:12016: result: yes
configure:12019: checking whether to build shared libraries
configure:12044: result: yes
configure:12047: checking whether to build static libraries
configure:12051: result: yes
configure:8879: checking whether make supports nested variables
configure:8896: result: yes
configure:8921: checking for linux/seccomp.h
configure:8921: gcc -c -g -O2  conftest.c >&5
configure:8921: $? = 0
configure:8921: result: yes
configure:8945: checking for cython
configure:8961: found /home/sanket/project/myenv/bin/cython
configure:8973: result: yes
configure:9232: checking for cov-build
configure:9260: result: no
configure:9290: checking whether to build with code coverage support
configure:9310: result: no
configure:9755: checking that generated files are newer than configure
configure:9761: result: done
configure:9796: creating ./config.status

## ---------------------- ##
## Running config.status. ##
## ---------------------- ##

This file was extended by libseccomp config.status 2.4.1, which was
generated by GNU Autoconf 2.69.  Invocation command line was

  CONFIG_FILES    = 
  CONFIG_HEADERS  = 
  CONFIG_LINKS    = 
  CONFIG_COMMANDS = 
  $ ./config.status 

on sanket-Inspiron-5559

config.status:1221: creating libseccomp.pc
config.status:1221: creating include/seccomp.h
config.status:1221: creating Makefile
config.status:1221: creating include/Makefile
config.status:1221: creating src/Makefile
config.status:1221: creating src/python/Makefile
config.status:1221: creating tools/Makefile
config.status:1221: creating tests/Makefile
config.status:1221: creating doc/Makefile
config.status:1221: creating configure.h
config.status:1402: configure.h is unchanged
config.status:1450: executing depfiles commands
config.status:1527: cd src       && sed -e '/# am--include-marker/d' Makefile         | make -f - am--depfiles
make: Nothing to be done for 'am--depfiles'.
config.status:1532: $? = 0
config.status:1527: cd tools       && sed -e '/# am--include-marker/d' Makefile         | make -f - am--depfiles
make: Nothing to be done for 'am--depfiles'.
config.status:1532: $? = 0
config.status:1527: cd tests       && sed -e '/# am--include-marker/d' Makefile         | make -f - am--depfiles
make: Nothing to be done for 'am--depfiles'.
config.status:1532: $? = 0
config.status:1450: executing libtool commands

## ---------------- ##
## Cache variables. ##
## ---------------- ##

ac_cv_build=x86_64-pc-linux-gnu
ac_cv_c_compiler_gnu=yes
ac_cv_env_CC_set=
ac_cv_env_CC_value=
ac_cv_env_CFLAGS_set=
ac_cv_env_CFLAGS_value=
ac_cv_env_CPPFLAGS_set=
ac_cv_env_CPPFLAGS_value=
ac_cv_env_CPP_set=
ac_cv_env_CPP_value=
ac_cv_env_LDFLAGS_set=
ac_cv_env_LDFLAGS_value=
ac_cv_env_LIBS_set=
ac_cv_env_LIBS_value=
ac_cv_env_LT_SYS_LIBRARY_PATH_set=
ac_cv_env_LT_SYS_LIBRARY_PATH_value=
ac_cv_env_PYTHON_set=
ac_cv_env_PYTHON_value=
ac_cv_env_build_alias_set=
ac_cv_env_build_alias_value=
ac_cv_env_host_alias_set=
ac_cv_env_host_alias_value=
ac_cv_env_target_alias_set=
ac_cv_env_target_alias_value=
ac_cv_header_dlfcn_h=yes
ac_cv_header_inttypes_h=yes
ac_cv_header_linux_seccomp_h=yes
ac_cv_header_memory_h=yes
ac_cv_header_stdc=yes
ac_cv_header_stdint_h=yes
ac_cv_header_stdlib_h=yes
ac_cv_header_string_h=yes
ac_cv_header_strings_h=yes
ac_cv_header_sys_stat_h=yes
ac_cv_header_sys_types_h=yes
ac_cv_header_unistd_h=yes
ac_cv_host=x86_64-pc-linux-gnu
ac_cv_objext=o
ac_cv_path_EGREP='/usr/bin/grep -E'
ac_cv_path_FGREP='/usr/bin/grep -F'
ac_cv_path_GREP=/usr/bin/grep
ac_cv_path_SED=/usr/bin/sed
ac_cv_path_install='/usr/bin/install -c'
ac_cv_path_lt_DD=/usr/bin/dd
ac_cv_path_mkdir=/usr/bin/mkdir
ac_cv_prog_AWK=mawk
ac_cv_prog_CPP='gcc -E'
ac_cv_prog_ac_ct_AR=ar
ac_cv_prog_ac_ct_CC=gcc
ac_cv_prog_ac_ct_MANIFEST_TOOL=mt
ac_cv_prog_ac_ct_OBJDUMP=objdump
ac_cv_prog_ac_ct_RANLIB=ranlib
ac_cv_prog_ac_ct_STRIP=strip
ac_cv_prog_cc_c89=
ac_cv_prog_cc_g=yes
ac_cv_prog_have_coverity=no
ac_cv_prog_have_cython=yes
ac_cv_prog_make_make_set=yes
am_cv_CC_dependencies_compiler_type=gcc3
am_cv_ar_interface=ar
am_cv_make_support_nested_variables=yes
am_cv_prog_cc_c_o=yes
am_cv_prog_tar_pax=gnutar
lt_cv_ar_at_file=@
lt_cv_archive_cmds_need_lc=no
lt_cv_deplibs_check_method=pass_all
lt_cv_file_magic_cmd='$MAGIC_CMD'
lt_cv_file_magic_test_file=
lt_cv_ld_reload_flag=-r
lt_cv_nm_interface='BSD nm'
lt_cv_objdir=.libs
lt_cv_path_LD=/usr/bin/ld
lt_cv_path_NM='/usr/bin/nm -B'
lt_cv_path_mainfest_tool=no
lt_cv_prog_compiler_c_o=yes
lt_cv_prog_compiler_pic='-fPIC -DPIC'
lt_cv_prog_compiler_pic_works=yes
lt_cv_prog_compiler_rtti_exceptions=no
lt_cv_prog_compiler_static_works=yes
lt_cv_prog_gnu_ld=yes
lt_cv_sharedlib_from_linklib_cmd='printf %s\n'
lt_cv_shlibpath_overrides_runpath=yes
lt_cv_sys_global_symbol_pipe='sed -n -e '\''s/^.*[	 ]\([ABCDGIRSTW][ABCDGIRSTW]*\)[	 ][	 ]*\([_A-Za-z][_A-Za-z0-9]*\)$/\1 \2 \2/p'\'' | sed '\''/ __gnu_lto/d'\'''
lt_cv_sys_global_symbol_to_c_name_address='sed -n -e '\''s/^: \(.*\) .*$/  {"\1", (void *) 0},/p'\'' -e '\''s/^[ABCDGIRSTW][ABCDGIRSTW]* .* \(.*\)$/  {"\1", (void *) \&\1},/p'\'''
lt_cv_sys_global_symbol_to_c_name_address_lib_prefix='sed -n -e '\''s/^: \(.*\) .*$/  {"\1", (void *) 0},/p'\'' -e '\''s/^[ABCDGIRSTW][ABCDGIRSTW]* .* \(lib.*\)$/  {"\1", (void *) \&\1},/p'\'' -e '\''s/^[ABCDGIRSTW][ABCDGIRSTW]* .* \(.*\)$/  {"lib\1", (void *) \&\1},/p'\'''
lt_cv_sys_global_symbol_to_cdecl='sed -n -e '\''s/^T .* \(.*\)$/extern int \1();/p'\'' -e '\''s/^[ABCDGIRSTW][ABCDGIRSTW]* .* \(.*\)$/extern char \1;/p'\'''
lt_cv_sys_global_symbol_to_import=
lt_cv_sys_max_cmd_len=1572864
lt_cv_to_host_file_cmd=func_convert_file_noop
lt_cv_to_tool_file_cmd=func_convert_file_noop
lt_cv_truncate_bin='/usr/bin/dd bs=4096 count=1'

## ----------------- ##
## Output variables. ##
## ----------------- ##














	@echo "Need to reconfigure with --enable-code-coverage"
	@echo "Need to reconfigure with --enable-code-coverage"
 $(CODE_COVERAGE_IGNORE_PATTERN);
 $(CODE_COVERAGE_OUTPUT_FILE);
#
#
#    $(PACKAGE_NAME)-$(PACKAGE_VERSION)-coverage)
#    $(PACKAGE_NAME)-$(PACKAGE_VERSION)-coverage.info)
#    (Default: $(top_builddir))
#    (Default: empty)
#    Multiple directories may be specified, separated by whitespace.
#    by lcov for code coverage. (Default:
#    collecting lcov instance. (Default: $CODE_COVERAGE_LCOV_OPTIONS_GCOVPATH)
#    genhtml instance. (Default: based on $CODE_COVERAGE_BRANCH_COVERAGE)
#    instance. (Default: $CODE_COVERAGE_GENHTML_OPTIONS_DEFAULT)
#    instance. (Default: $CODE_COVERAGE_LCOV_OPTIONS_DEFAULT)
#    instance. (Default: $CODE_COVERAGE_LCOV_RMOPTS_DEFAULT)
#    instances. (Default: $CODE_COVERAGE_LCOV_SHOPTS_DEFAULT)
#    instances. (Default: based on $CODE_COVERAGE_BRANCH_COVERAGE)
#    lcov instance. (Default: empty)
#    reports to be created. (Default:
#    set to 0 to disable it and leave empty to stay with the default.
#  - CODE_COVERAGE_BRANCH_COVERAGE: Set to 1 to enforce branch coverage,
#  - CODE_COVERAGE_DIRECTORY: Top-level directory for code coverage reporting.
#  - CODE_COVERAGE_GENHTML_OPTIONS: Extra options to pass to the genhtml
#  - CODE_COVERAGE_GENHTML_OPTIONS_DEFAULT: Extra options to pass to the
#  - CODE_COVERAGE_IGNORE_PATTERN: Extra glob pattern of files to ignore
#  - CODE_COVERAGE_LCOV_OPTIONS: Extra options to pass to the collecting lcov
#  - CODE_COVERAGE_LCOV_OPTIONS_DEFAULT: Extra options to pass to the
#  - CODE_COVERAGE_LCOV_OPTIONS_GCOVPATH: --gcov-tool pathtogcov
#  - CODE_COVERAGE_LCOV_RMOPTS: Extra options to pass to the filtering lcov
#  - CODE_COVERAGE_LCOV_RMOPTS_DEFAULT: Extra options to pass to the filtering
#  - CODE_COVERAGE_LCOV_SHOPTS: Extra options to shared between both lcov
#  - CODE_COVERAGE_LCOV_SHOPTS_DEFAULT: Extra options shared between both lcov
#  - CODE_COVERAGE_OUTPUT_DIRECTORY: Directory for generated code coverage
#  - CODE_COVERAGE_OUTPUT_FILE: Filename and path for the .info file generated
# $(PACKAGE_VERSION). In order to add the current git hash to the title,
# Capture code coverage data
# Code coverage
# Hook rule executed before code-coverage-capture, overridable by the user
# Optional variables
# Optional:
# The generated report will be titled using the $(PACKAGE_NAME) and
# Use recursive makes in order to ignore errors during check
# sanitizes the test-name: replaces with underscores: dashes and dots
# use the git-version-gen script, available online.
$(if $(CODE_COVERAGE_BRANCH_COVERAGE),\
'
--rc genhtml_branch_coverage=$(CODE_COVERAGE_BRANCH_COVERAGE))
--rc lcov_branch_coverage=$(CODE_COVERAGE_BRANCH_COVERAGE))
.PHONY: check-code-coverage code-coverage-capture code-coverage-capture-hook code-coverage-clean
ACLOCAL='${SHELL} /home/sanket/ncc/libseccomp-2.4.1/build-aux/missing aclocal-1.16'
AMDEPBACKSLASH='\'
AMDEP_FALSE='#'
AMDEP_TRUE=''
AMTAR='$${TAR-tar}'
AM_BACKSLASH='\'
AM_CFLAGS='-Wall'
AM_CPPFLAGS='-I${top_srcdir}/include'
AM_DEFAULT_V='$(AM_DEFAULT_VERBOSITY)'
AM_DEFAULT_VERBOSITY='0'
AM_DISTCHECK_CONFIGURE_FLAGS += --disable-code-coverage
AM_DISTCHECK_CONFIGURE_FLAGS ?=
AM_LDFLAGS='-Wl,-z -Wl,relro'
AM_V='$(V)'
AR='ar'
AUTOCONF='${SHELL} /home/sanket/ncc/libseccomp-2.4.1/build-aux/missing autoconf'
AUTOHEADER='${SHELL} /home/sanket/ncc/libseccomp-2.4.1/build-aux/missing autoheader'
AUTOMAKE='${SHELL} /home/sanket/ncc/libseccomp-2.4.1/build-aux/missing automake-1.16'
AWK='mawk'
CC='gcc'
CCDEPMODE='depmode=gcc3'
CFLAGS='-g -O2'
CODE_COVERAGE_BRANCH_COVERAGE ?=
CODE_COVERAGE_CFLAGS=''
CODE_COVERAGE_CPPFLAGS=''
CODE_COVERAGE_CXXFLAGS=''
CODE_COVERAGE_DIRECTORY ?= $(top_builddir)
CODE_COVERAGE_ENABLED='no'
CODE_COVERAGE_ENABLED_FALSE=''
CODE_COVERAGE_ENABLED_TRUE='#'
CODE_COVERAGE_GENHTML_OPTIONS ?= $(CODE_COVERAGE_GENHTML_OPTIONS_DEFAULTS)
CODE_COVERAGE_GENHTML_OPTIONS_DEFAULT ?=\
CODE_COVERAGE_IGNORE_PATTERN ?=
CODE_COVERAGE_LCOV_OPTIONS ?= $(CODE_COVERAGE_LCOV_OPTIONS_DEFAULT)
CODE_COVERAGE_LCOV_OPTIONS_DEFAULT ?= $(CODE_COVERAGE_LCOV_OPTIONS_GCOVPATH)
CODE_COVERAGE_LCOV_OPTIONS_GCOVPATH ?= --gcov-tool "$(GCOV)"
CODE_COVERAGE_LCOV_RMOPTS ?= $(CODE_COVERAGE_LCOV_RMOPTS_DEFAULT)
CODE_COVERAGE_LCOV_RMOPTS_DEFAULT ?=
CODE_COVERAGE_LCOV_SHOPTS ?= $(CODE_COVERAGE_LCOV_SHOPTS_DEFAULT)
CODE_COVERAGE_LCOV_SHOPTS_DEFAULT ?= $(if $(CODE_COVERAGE_BRANCH_COVERAGE),\
CODE_COVERAGE_LDFLAGS=''
CODE_COVERAGE_LIBS=''
CODE_COVERAGE_OUTPUT_DIRECTORY ?= $(PACKAGE_NAME)-$(PACKAGE_VERSION)-coverage
CODE_COVERAGE_OUTPUT_FILE ?= $(PACKAGE_NAME)-$(PACKAGE_VERSION)-coverage.info
CODE_COVERAGE_RULES='
COVERITY_FALSE=''
COVERITY_TRUE='#'
CPP='gcc -E'
CPPFLAGS=''
CYGPATH_W='echo'
DEFS='-DHAVE_CONFIG_H'
DEPDIR='.deps'
DLLTOOL='false'
DSYMUTIL=''
DUMPBIN=''
ECHO_C=''
ECHO_N='-n'
ECHO_T=''
EGREP='/usr/bin/grep -E'
ENABLE_PYTHON_FALSE=''
ENABLE_PYTHON_TRUE='#'
EXEEXT=''
FGREP='/usr/bin/grep -F'
GCOV=''
GENHTML=''
GITIGNOREFILES += $(CODE_COVERAGE_OUTPUT_FILE) $(CODE_COVERAGE_OUTPUT_DIRECTORY)
GITIGNOREFILES ?=
GREP='/usr/bin/grep'
INSTALL_DATA='${INSTALL} -m 644'
INSTALL_PROGRAM='${INSTALL}'
INSTALL_SCRIPT='${INSTALL}'
INSTALL_STRIP_PROGRAM='$(install_sh) -c -s'
LCOV=''
LD='/usr/bin/ld -m elf_x86_64'
LDFLAGS=''
LIBOBJS=''
LIBS=''
LIBTOOL='$(SHELL) $(top_builddir)/libtool'
LIPO=''
LN_S='ln -s'
LTLIBOBJS=''
LT_SYS_LIBRARY_PATH=''
MAKEINFO='${SHELL} /home/sanket/ncc/libseccomp-2.4.1/build-aux/missing makeinfo'
MANIFEST_TOOL=':'
MKDIR_P='/usr/bin/mkdir -p'
NM='/usr/bin/nm -B'
NMEDIT=''
OBJDUMP='objdump'
OBJEXT='o'
OTOOL64=''
OTOOL=''
PACKAGE='libseccomp'
PACKAGE_BUGREPORT=''
PACKAGE_NAME='libseccomp'
PACKAGE_STRING='libseccomp 2.4.1'
PACKAGE_TARNAME='libseccomp'
PACKAGE_URL=''
PACKAGE_VERSION='2.4.1'
PATH_SEPARATOR=':'
PYTHON=''
PYTHON_EXEC_PREFIX=''
PYTHON_PLATFORM=''
PYTHON_PREFIX=''
PYTHON_VERSION=''
RANLIB='ranlib'
SED='/usr/bin/sed'
SET_MAKE=''
SHELL='/bin/bash'
STRIP='strip'
VERSION='2.4.1'
VERSION_MAJOR='2'
VERSION_MICRO='1'
VERSION_MINOR='4'
ac_ct_AR='ar'
ac_ct_CC='gcc'
ac_ct_DUMPBIN=''
am__EXEEXT_FALSE=''
am__EXEEXT_TRUE='#'
am__fastdepCC_FALSE='#'
am__fastdepCC_TRUE=''
am__include='include'
am__isrc=''
am__leading_dot='.'
am__nodep='_no'
am__quote=''
am__tar='tar --format=posix -chf - "$$tardir"'
am__untar='tar -xf -'
bindir='${exec_prefix}/bin'
build='x86_64-pc-linux-gnu'
build_alias=''
build_cpu='x86_64'
build_os='linux-gnu'
build_vendor='pc'
check-code-coverage:
code-coverage-capture-hook:
code-coverage-capture: code-coverage-capture-hook
code_coverage_quiet = $(code_coverage_quiet_$(V))
code_coverage_quiet_ = $(code_coverage_quiet_$(AM_DEFAULT_VERBOSITY))
code_coverage_quiet_0 = --quiet
code_coverage_sanitize = $(subst -,_,$(subst .,_,$(1)))
code_coverage_v_genhtml = $(code_coverage_v_genhtml_$(V))
code_coverage_v_genhtml_ = $(code_coverage_v_genhtml_$(AM_DEFAULT_VERBOSITY))
code_coverage_v_genhtml_0 = @echo "  GEN   " $(CODE_COVERAGE_OUTPUT_DIRECTORY);
code_coverage_v_lcov_cap = $(code_coverage_v_lcov_cap_$(V))
code_coverage_v_lcov_cap_ = $(code_coverage_v_lcov_cap_$(AM_DEFAULT_VERBOSITY))
code_coverage_v_lcov_cap_0 = @echo "  LCOV   --capture"\
code_coverage_v_lcov_ign = $(code_coverage_v_lcov_ign_$(V))
code_coverage_v_lcov_ign_ = $(code_coverage_v_lcov_ign_$(AM_DEFAULT_VERBOSITY))
code_coverage_v_lcov_ign_0 = @echo "  LCOV   --remove /tmp/*"\
datadir='${datarootdir}'
datarootdir='${prefix}/share'
docdir='${datarootdir}/doc/${PACKAGE_TARNAME}'
dvidir='${docdir}'
exec_prefix='${prefix}'
have_coverity='no'
have_cython='yes'
host='x86_64-pc-linux-gnu'
host_alias=''
host_cpu='x86_64'
host_os='linux-gnu'
host_vendor='pc'
htmldir='${docdir}'
includedir='${prefix}/include'
infodir='${datarootdir}/info'
install_sh='${SHELL} /home/sanket/ncc/libseccomp-2.4.1/build-aux/install-sh'
libdir='${exec_prefix}/lib'
libexecdir='${exec_prefix}/libexec'
localedir='${datarootdir}/locale'
localstatedir='${prefix}/var'
mandir='${datarootdir}/man'
mkdir_p='$(MKDIR_P)'
oldincludedir='/usr/include'
pdfdir='${docdir}'
pkgpyexecdir=''
pkgpythondir=''
prefix='/usr/local'
program_transform_name='s,x,x,'
psdir='${docdir}'
pyexecdir=''
pythondir=''
sbindir='${exec_prefix}/sbin'
sharedstatedir='${prefix}/com'
sysconfdir='${prefix}/etc'
target_alias=''

## ----------- ##
## confdefs.h. ##
## ----------- ##

/* confdefs.h */
#define PACKAGE_NAME "libseccomp"
#define PACKAGE_TARNAME "libseccomp"
#define PACKAGE_VERSION "2.4.1"
#define PACKAGE_STRING "libseccomp 2.4.1"
#define PACKAGE_BUGREPORT ""
#define PACKAGE_URL ""
#define PACKAGE "libseccomp"
#define VERSION "2.4.1"
#define STDC_HEADERS 1
#define HAVE_SYS_TYPES_H 1
#define HAVE_SYS_STAT_H 1
#define HAVE_STDLIB_H 1
#define HAVE_STRING_H 1
#define HAVE_MEMORY_H 1
#define HAVE_STRINGS_H 1
#define HAVE_INTTYPES_H 1
#define HAVE_STDINT_H 1
#define HAVE_UNISTD_H 1
#define HAVE_DLFCN_H 1
#define LT_OBJDIR ".libs/"
#define HAVE_LINUX_SECCOMP_H 1
#define ENABLE_PYTHON 0

configure: exit 0
